<?xml version="1.0" encoding="UTF-8"?>
<testsuite xmlns:xsi="http://www.w3.org/2001/XMLSchema-instance" xsi:noNamespaceSchemaLocation="https://maven.apache.org/surefire/maven-surefire-plugin/xsd/surefire-test-report-3.0.xsd" version="3.0" name="org.beingolea.demoluis.DemoluisApplicationTests" time="13.609" tests="1" errors="0" skipped="0" failures="0">
  <properties>
[...]
</properties>
  <testcase name="contextLoads" classname="org.beingolea.demoluis.DemoluisApplicationTests" time="1.235">
    <system-out><![CDATA[22:09:38.347 [main] INFO org.springframework.test.context.support.AnnotationConfigContextLoaderUtils -- Could not detect default configuration classes for test class [org.beingolea.demoluis.DemoluisApplicationTests]: DemoluisApplicationTests does not declare any static, non-private, non-final, nested classes annotated with @Configuration.
22:09:38.613 [main] INFO org.springframework.boot.test.context.SpringBootTestContextBootstrapper -- Found @SpringBootConfiguration org.beingolea.demoluis.DemoluisApplication for test class org.beingolea.demoluis.DemoluisApplicationTests

  .   ____          _            __ _ _
 /\\ / ___'_ __ _ _(_)_ __  __ _ \ \ \ \
( ( )\___ | '_ | '_| | '_ \/ _` | \ \ \ \
 \\/  ___)| |_)| | | | | || (_| |  ) ) ) )
  '  |____| .__|_| |_|_| |_\__, | / / / /
 =========|_|==============|___/=/_/_/_/
 :: Spring Boot ::                (v3.1.4)

2023-09-22T22:09:39.788-05:00  INFO 12660 --- [           main] o.b.demoluis.DemoluisApplicationTests    : Starting DemoluisApplicationTests using Java 17.0.8.1 with PID 12660 (started by LEB in D:\Dropbox\leb\varios\Sueltos\docs\Ada\1049\Bootcamp - Pasta Geral\demoluis\demoluis)
2023-09-22T22:09:39.794-05:00  INFO 12660 --- [           main] o.b.demoluis.DemoluisApplicationTests    : No active profile set, falling back to 1 default profile: "default"
2023-09-22T22:09:41.728-05:00  INFO 12660 --- [           main] .s.d.r.c.RepositoryConfigurationDelegate : Bootstrapping Spring Data JPA repositories in DEFAULT mode.
2023-09-22T22:09:41.911-05:00  INFO 12660 --- [           main] .s.d.r.c.RepositoryConfigurationDelegate : Finished Spring Data repository scanning in 161 ms. Found 1 JPA repository interfaces.
2023-09-22T22:09:43.219-05:00  INFO 12660 --- [           main] o.hibernate.jpa.internal.util.LogHelper  : HHH000204: Processing PersistenceUnitInfo [name: default]
2023-09-22T22:09:43.402-05:00  INFO 12660 --- [           main] org.hibernate.Version                    : HHH000412: Hibernate ORM core version 6.2.9.Final
2023-09-22T22:09:43.412-05:00  INFO 12660 --- [           main] org.hibernate.cfg.Environment            : HHH000406: Using bytecode reflection optimizer
2023-09-22T22:09:44.026-05:00  INFO 12660 --- [           main] o.h.b.i.BytecodeProviderInitiator        : HHH000021: Bytecode provider name : bytebuddy
2023-09-22T22:09:44.384-05:00  INFO 12660 --- [           main] o.s.o.j.p.SpringPersistenceUnitInfo      : No LoadTimeWeaver setup: ignoring JPA class transformer
2023-09-22T22:09:44.419-05:00  INFO 12660 --- [           main] com.zaxxer.hikari.HikariDataSource       : HikariPool-1 - Starting...
2023-09-22T22:09:45.035-05:00  INFO 12660 --- [           main] com.zaxxer.hikari.pool.HikariPool        : HikariPool-1 - Added connection conn0: url=jdbc:h2:mem:testdb user=SA
2023-09-22T22:09:45.683-05:00  INFO 12660 --- [           main] com.zaxxer.hikari.HikariDataSource       : HikariPool-1 - Start completed.
2023-09-22T22:09:46.354-05:00  INFO 12660 --- [           main] o.h.b.i.BytecodeProviderInitiator        : HHH000021: Bytecode provider name : bytebuddy
2023-09-22T22:09:47.842-05:00  INFO 12660 --- [           main] o.h.e.t.j.p.i.JtaPlatformInitiator       : HHH000490: Using JtaPlatform implementation: [org.hibernate.engine.transaction.jta.platform.internal.NoJtaPlatform]
Hibernate: 
    drop table if exists cliente cascade 
Hibernate: 
    drop sequence if exists cliente_seq
Hibernate: 
    create sequence cliente_seq start with 1 increment by 50
Hibernate: 
    create table cliente (
        id bigint not null,
        cpf varchar(255),
        email varchar(255),
        nome varchar(255) not null,
        primary key (id)
    )
2023-09-22T22:09:47.972-05:00  INFO 12660 --- [           main] j.LocalContainerEntityManagerFactoryBean : Initialized JPA EntityManagerFactory for persistence unit 'default'
2023-09-22T22:09:49.177-05:00  WARN 12660 --- [           main] JpaBaseConfiguration$JpaWebConfiguration : spring.jpa.open-in-view is enabled by default. Therefore, database queries may be performed during view rendering. Explicitly configure spring.jpa.open-in-view to disable this warning
2023-09-22T22:09:50.100-05:00  INFO 12660 --- [           main] o.s.b.a.h2.H2ConsoleAutoConfiguration    : H2 console available at '/h2-console'. Database available at 'jdbc:h2:mem:testdb'
2023-09-22T22:09:50.225-05:00  INFO 12660 --- [           main] o.b.demoluis.DemoluisApplicationTests    : Started DemoluisApplicationTests in 11.161 seconds (process running for 14.415)
]]></system-out>
  </testcase>
</testsuite>